2018-09-04 09:02:12.332  INFO 1992 --- [main] j.c.w.s.jobhere.JobhereApplication       : Starting JobhereApplication on DESKTOP-RENQRHP with PID 1992 (C:\Users\Chao\Desktop\api\target\classes started by Chao in C:\Users\Chao\Desktop\api)
2018-09-04 09:02:12.332  INFO 1992 --- [main] j.c.w.s.jobhere.JobhereApplication       : The following profiles are active: base
2018-09-04 09:02:12.363  INFO 1992 --- [main] ConfigServletWebServerApplicationContext : Refreshing org.springframework.boot.web.servlet.context.AnnotationConfigServletWebServerApplicationContext@769f71a9: startup date [Tue Sep 04 09:02:12 SGT 2018]; root of context hierarchy
2018-09-04 09:02:13.456  INFO 1992 --- [main] trationDelegate$BeanPostProcessorChecker : Bean 'org.springframework.transaction.annotation.ProxyTransactionManagementConfiguration' of type [org.springframework.transaction.annotation.ProxyTransactionManagementConfiguration$$EnhancerBySpringCGLIB$$5afeb7c8] is not eligible for getting processed by all BeanPostProcessors (for example: not eligible for auto-proxying)
2018-09-04 09:02:13.753  INFO 1992 --- [main] o.s.b.w.embedded.tomcat.TomcatWebServer  : Tomcat initialized with port(s): 8080 (http)
2018-09-04 09:02:13.769  INFO 1992 --- [main] o.apache.catalina.core.StandardService   : Starting service [Tomcat]
2018-09-04 09:02:13.769  INFO 1992 --- [main] org.apache.catalina.core.StandardEngine  : Starting Servlet Engine: Apache Tomcat/8.5.32
2018-09-04 09:02:13.769  INFO 1992 --- [localhost-startStop-1] o.a.catalina.core.AprLifecycleListener   : The APR based Apache Tomcat Native library which allows optimal performance in production environments was not found on the java.library.path: [C:\Program Files\Java\jdk1.8.0_181\bin;C:\WINDOWS\Sun\Java\bin;C:\WINDOWS\system32;C:\WINDOWS;C:\Program Files (x86)\Common Files\Oracle\Java\javapath;C:\ProgramData\Oracle\Java\javapath;C:\Program Files (x86)\Intel\Intel(R) Management Engine Components\iCLS\;C:\Program Files\Intel\Intel(R) Management Engine Components\iCLS\;C:\WINDOWS\system32;C:\WINDOWS;C:\WINDOWS\System32\Wbem;C:\WINDOWS\System32\WindowsPowerShell\v1.0\;C:\Program Files (x86)\Intel\Intel(R) Management Engine Components\DAL;C:\Program Files\Intel\Intel(R) Management Engine Components\DAL;C:\Program Files (x86)\Intel\Intel(R) Management Engine Components\IPT;C:\Program Files\Intel\Intel(R) Management Engine Components\IPT;C:\Program Files\Microsoft VS Code\bin;C:\Program Files\Git\cmd;C:\WINDOWS\System32\OpenSSH\;C:\Program Files\Java\jdk1.8.0_181\bin;C:\Program Files\Java\jdk1.8.0_181\jre\bin;  ;C:\Users\Chao\AppData\Local\Microsoft\WindowsApps;C:\Program Files\Microsoft VS Code\bin;C:\Program Files\apache-maven-3.5.4\bin;.]
2018-09-04 09:02:13.831  INFO 1992 --- [localhost-startStop-1] o.a.c.c.C.[Tomcat].[localhost].[/]       : Initializing Spring embedded WebApplicationContext
2018-09-04 09:02:13.831  INFO 1992 --- [localhost-startStop-1] o.s.web.context.ContextLoader            : Root WebApplicationContext: initialization completed in 1468 ms
2018-09-04 09:02:13.878  INFO 1992 --- [localhost-startStop-1] o.s.b.w.servlet.ServletRegistrationBean  : Servlet dispatcherServlet mapped to [/]
2018-09-04 09:02:13.878  INFO 1992 --- [localhost-startStop-1] o.s.b.w.servlet.FilterRegistrationBean   : Mapping filter: 'characterEncodingFilter' to: [/*]
2018-09-04 09:02:13.878  INFO 1992 --- [localhost-startStop-1] o.s.b.w.servlet.FilterRegistrationBean   : Mapping filter: 'hiddenHttpMethodFilter' to: [/*]
2018-09-04 09:02:13.878  INFO 1992 --- [localhost-startStop-1] o.s.b.w.servlet.FilterRegistrationBean   : Mapping filter: 'httpPutFormContentFilter' to: [/*]
2018-09-04 09:02:13.878  INFO 1992 --- [localhost-startStop-1] o.s.b.w.servlet.FilterRegistrationBean   : Mapping filter: 'requestContextFilter' to: [/*]
2018-09-04 09:02:13.956  WARN 1992 --- [main] org.flywaydb.core.Flyway                 : Flyway.setCallbacks(FlywayCallback) has been deprecated and will be removed in Flyway 6.0. Use Flyway.setCallbacks(Callback) instead.
2018-09-04 09:02:13.972  INFO 1992 --- [main] o.f.core.internal.util.VersionPrinter    : Flyway Community Edition 5.1.4 by Boxfuse
2018-09-04 09:02:13.988  INFO 1992 --- [main] com.zaxxer.hikari.HikariDataSource       : HikariPool-1 - Starting...
2018-09-04 09:02:14.050  INFO 1992 --- [main] com.zaxxer.hikari.HikariDataSource       : HikariPool-1 - Start completed.
2018-09-04 09:02:14.050  INFO 1992 --- [main] o.f.c.internal.database.DatabaseFactory  : Database: jdbc:postgresql://172.26.131.120:5432/stm (PostgreSQL 9.5)
2018-09-04 09:02:14.128  INFO 1992 --- [main] o.f.core.internal.command.DbValidate     : Successfully validated 8 migrations (execution time 00:00.039s)
2018-09-04 09:02:14.144  INFO 1992 --- [main] o.f.core.internal.command.DbMigrate      : Current version of schema "xu_xi_rd4": 8
2018-09-04 09:02:14.144  INFO 1992 --- [main] o.f.core.internal.command.DbMigrate      : Schema "xu_xi_rd4" is up to date. No migration necessary.
2018-09-04 09:02:14.284  INFO 1992 --- [main] j.LocalContainerEntityManagerFactoryBean : Building JPA container EntityManagerFactory for persistence unit 'default'
2018-09-04 09:02:14.300  INFO 1992 --- [main] o.hibernate.jpa.internal.util.LogHelper  : HHH000204: Processing PersistenceUnitInfo [
	name: default
	...]
2018-09-04 09:02:14.409  INFO 1992 --- [main] org.hibernate.Version                    : HHH000412: Hibernate Core {5.2.17.Final}
2018-09-04 09:02:14.409  INFO 1992 --- [main] org.hibernate.cfg.Environment            : HHH000206: hibernate.properties not found
2018-09-04 09:02:14.456  INFO 1992 --- [main] o.hibernate.annotations.common.Version   : HCANN000001: Hibernate Commons Annotations {5.0.1.Final}
2018-09-04 09:02:14.581  INFO 1992 --- [main] org.hibernate.dialect.Dialect            : HHH000400: Using dialect: org.hibernate.dialect.PostgreSQL95Dialect
2018-09-04 09:02:14.597  INFO 1992 --- [main] o.h.e.j.e.i.LobCreatorBuilderImpl        : HHH000422: Disabling contextual LOB creation as connection was null
2018-09-04 09:02:14.597  INFO 1992 --- [main] org.hibernate.type.BasicTypeRegistry     : HHH000270: Type registration [java.util.UUID] overrides previous : org.hibernate.type.UUIDBinaryType@31d6f3fe
2018-09-04 09:02:15.039  INFO 1992 --- [main] j.LocalContainerEntityManagerFactoryBean : Initialized JPA EntityManagerFactory for persistence unit 'default'
2018-09-04 09:02:15.398  INFO 1992 --- [main] o.s.w.s.handler.SimpleUrlHandlerMapping  : Mapped URL path [/**/favicon.ico] onto handler of type [class org.springframework.web.servlet.resource.ResourceHttpRequestHandler]
2018-09-04 09:02:15.554  INFO 1992 --- [main] s.w.s.m.m.a.RequestMappingHandlerAdapter : Looking for @ControllerAdvice: org.springframework.boot.web.servlet.context.AnnotationConfigServletWebServerApplicationContext@769f71a9: startup date [Tue Sep 04 09:02:12 SGT 2018]; root of context hierarchy
2018-09-04 09:02:15.585  WARN 1992 --- [main] aWebConfiguration$JpaWebMvcConfiguration : spring.jpa.open-in-view is enabled by default. Therefore, database queries may be performed during view rendering. Explicitly configure spring.jpa.open-in-view to disable this warning
2018-09-04 09:02:15.601  INFO 1992 --- [main] s.w.s.m.m.a.RequestMappingHandlerMapping : Mapped "{[/application/{id}/step],methods=[PUT]}" onto void jp.co.worksap.stm2018.jobhere.controller.ApplicationController.update(javax.servlet.http.HttpServletRequest,java.lang.String,java.lang.String)
2018-09-04 09:02:15.601  INFO 1992 --- [main] s.w.s.m.m.a.RequestMappingHandlerMapping : Mapped "{[/application/{id}],methods=[GET]}" onto jp.co.worksap.stm2018.jobhere.model.dto.request.ApplicationDTO jp.co.worksap.stm2018.jobhere.controller.ApplicationController.find(javax.servlet.http.HttpServletRequest,java.lang.String)
2018-09-04 09:02:15.601  INFO 1992 --- [main] s.w.s.m.m.a.RequestMappingHandlerMapping : Mapped "{[/application],methods=[GET]}" onto java.util.List<jp.co.worksap.stm2018.jobhere.model.dto.request.ApplicationDTO> jp.co.worksap.stm2018.jobhere.controller.ApplicationController.list(javax.servlet.http.HttpServletRequest)
2018-09-04 09:02:15.601  INFO 1992 --- [main] s.w.s.m.m.a.RequestMappingHandlerMapping : Mapped "{[/application],methods=[POST]}" onto jp.co.worksap.stm2018.jobhere.model.dto.request.ApplicationDTO jp.co.worksap.stm2018.jobhere.controller.ApplicationController.save(javax.servlet.http.HttpServletRequest,java.lang.String)
2018-09-04 09:02:15.601  INFO 1992 --- [main] s.w.s.m.m.a.RequestMappingHandlerMapping : Mapped "{[/auth/register],methods=[POST]}" onto jp.co.worksap.stm2018.jobhere.model.dto.response.ApiTokenDTO jp.co.worksap.stm2018.jobhere.controller.AuthController.register(jp.co.worksap.stm2018.jobhere.model.dto.request.RegisterDTO)
2018-09-04 09:02:15.601  INFO 1992 --- [main] s.w.s.m.m.a.RequestMappingHandlerMapping : Mapped "{[/auth],methods=[POST]}" onto jp.co.worksap.stm2018.jobhere.model.dto.response.ApiTokenDTO jp.co.worksap.stm2018.jobhere.controller.AuthController.login(javax.servlet.http.HttpServletRequest,jp.co.worksap.stm2018.jobhere.model.dto.request.LoginDTO)
2018-09-04 09:02:15.601  INFO 1992 --- [main] s.w.s.m.m.a.RequestMappingHandlerMapping : Mapped "{[/auth],methods=[GET]}" onto jp.co.worksap.stm2018.jobhere.model.dto.response.UserDTO jp.co.worksap.stm2018.jobhere.controller.AuthController.showStatus(javax.servlet.http.HttpServletRequest) throws java.lang.Exception
2018-09-04 09:02:15.601  INFO 1992 --- [main] s.w.s.m.m.a.RequestMappingHandlerMapping : Mapped "{[/job/{id}],methods=[PUT]}" onto jp.co.worksap.stm2018.jobhere.model.dto.request.JobDTO jp.co.worksap.stm2018.jobhere.controller.JobController.update(javax.servlet.http.HttpServletRequest,java.lang.String,jp.co.worksap.stm2018.jobhere.model.dto.request.JobDTO)
2018-09-04 09:02:15.601  INFO 1992 --- [main] s.w.s.m.m.a.RequestMappingHandlerMapping : Mapped "{[/job],methods=[GET]}" onto java.util.List<jp.co.worksap.stm2018.jobhere.model.dto.request.JobDTO> jp.co.worksap.stm2018.jobhere.controller.JobController.list(javax.servlet.http.HttpServletRequest)
2018-09-04 09:02:15.601  INFO 1992 --- [main] s.w.s.m.m.a.RequestMappingHandlerMapping : Mapped "{[/job],methods=[POST]}" onto jp.co.worksap.stm2018.jobhere.model.dto.request.JobDTO jp.co.worksap.stm2018.jobhere.controller.JobController.save(javax.servlet.http.HttpServletRequest,jp.co.worksap.stm2018.jobhere.model.dto.request.JobDTO)
2018-09-04 09:02:15.617  INFO 1992 --- [main] s.w.s.m.m.a.RequestMappingHandlerMapping : Mapped "{[/job/{id}],methods=[GET]}" onto jp.co.worksap.stm2018.jobhere.model.dto.request.JobDTO jp.co.worksap.stm2018.jobhere.controller.JobController.detail(java.lang.String)
2018-09-04 09:02:15.617  INFO 1992 --- [main] s.w.s.m.m.a.RequestMappingHandlerMapping : Mapped "{[/resume/{id}],methods=[PUT]}" onto void jp.co.worksap.stm2018.jobhere.controller.ResumeController.update(java.lang.String,jp.co.worksap.stm2018.jobhere.model.dto.request.ResumeDTO)
2018-09-04 09:02:15.617  INFO 1992 --- [main] s.w.s.m.m.a.RequestMappingHandlerMapping : Mapped "{[/resume/{id}],methods=[GET]}" onto jp.co.worksap.stm2018.jobhere.model.dto.request.ResumeDTO jp.co.worksap.stm2018.jobhere.controller.ResumeController.find(java.lang.String)
2018-09-04 09:02:15.617  INFO 1992 --- [main] s.w.s.m.m.a.RequestMappingHandlerMapping : Mapped "{[/review],methods=[GET]}" onto java.util.List<jp.co.worksap.stm2018.jobhere.model.dto.response.UserDTO> jp.co.worksap.stm2018.jobhere.controller.ReviewController.list(javax.servlet.http.HttpServletRequest) throws javax.security.auth.login.LoginException
2018-09-04 09:02:15.617  INFO 1992 --- [main] s.w.s.m.m.a.RequestMappingHandlerMapping : Mapped "{[/review/{id}],methods=[POST]}" onto void jp.co.worksap.stm2018.jobhere.controller.ReviewController.inspect(javax.servlet.http.HttpServletRequest,java.lang.String,java.lang.String) throws javax.security.auth.login.LoginException
2018-09-04 09:02:15.632  INFO 1992 --- [main] s.w.s.m.m.a.RequestMappingHandlerMapping : Mapped "{[/error]}" onto public org.springframework.http.ResponseEntity<java.util.Map<java.lang.String, java.lang.Object>> org.springframework.boot.autoconfigure.web.servlet.error.BasicErrorController.error(javax.servlet.http.HttpServletRequest)
2018-09-04 09:02:15.632  INFO 1992 --- [main] s.w.s.m.m.a.RequestMappingHandlerMapping : Mapped "{[/error],produces=[text/html]}" onto public org.springframework.web.servlet.ModelAndView org.springframework.boot.autoconfigure.web.servlet.error.BasicErrorController.errorHtml(javax.servlet.http.HttpServletRequest,javax.servlet.http.HttpServletResponse)
2018-09-04 09:02:15.648  INFO 1992 --- [main] o.s.w.s.handler.SimpleUrlHandlerMapping  : Mapped URL path [/webjars/**] onto handler of type [class org.springframework.web.servlet.resource.ResourceHttpRequestHandler]
2018-09-04 09:02:15.648  INFO 1992 --- [main] o.s.w.s.handler.SimpleUrlHandlerMapping  : Mapped URL path [/**] onto handler of type [class org.springframework.web.servlet.resource.ResourceHttpRequestHandler]
2018-09-04 09:02:15.851  INFO 1992 --- [main] o.s.j.e.a.AnnotationMBeanExporter        : Registering beans for JMX exposure on startup
2018-09-04 09:02:15.851  INFO 1992 --- [main] o.s.j.e.a.AnnotationMBeanExporter        : Bean with name 'dataSource' has been autodetected for JMX exposure
2018-09-04 09:02:15.851  INFO 1992 --- [main] o.s.j.e.a.AnnotationMBeanExporter        : Located MBean 'dataSource': registering with JMX server as MBean [com.zaxxer.hikari:name=dataSource,type=HikariDataSource]
2018-09-04 09:02:15.882  INFO 1992 --- [main] o.s.b.w.embedded.tomcat.TomcatWebServer  : Tomcat started on port(s): 8080 (http) with context path ''
2018-09-04 09:02:15.882  INFO 1992 --- [main] j.c.w.s.jobhere.JobhereApplication       : Started JobhereApplication in 3.988 seconds (JVM running for 4.887)
2018-09-04 09:02:55.067  INFO 1992 --- [http-nio-8080-exec-1] o.a.c.c.C.[Tomcat].[localhost].[/]       : Initializing Spring FrameworkServlet 'dispatcherServlet'
2018-09-04 09:02:55.067  INFO 1992 --- [http-nio-8080-exec-1] o.s.web.servlet.DispatcherServlet        : FrameworkServlet 'dispatcherServlet': initialization started
2018-09-04 09:02:55.083  INFO 1992 --- [http-nio-8080-exec-1] o.s.web.servlet.DispatcherServlet        : FrameworkServlet 'dispatcherServlet': initialization completed in 16 ms
2018-09-04 09:02:55.177  INFO 1992 --- [http-nio-8080-exec-1] o.h.h.i.QueryTranslatorFactoryInitiator  : HHH000397: Using ASTQueryTranslatorFactory
2018-09-04 09:53:46.829  INFO 2332 --- [main] j.c.w.s.jobhere.JobhereApplication       : Starting JobhereApplication on DESKTOP-RENQRHP with PID 2332 (C:\Users\Chao\Desktop\api\target\classes started by Chao in C:\Users\Chao\Desktop\api)
2018-09-04 09:53:46.829  INFO 2332 --- [main] j.c.w.s.jobhere.JobhereApplication       : The following profiles are active: base
2018-09-04 09:53:46.860  INFO 2332 --- [main] ConfigServletWebServerApplicationContext : Refreshing org.springframework.boot.web.servlet.context.AnnotationConfigServletWebServerApplicationContext@6f96c77: startup date [Tue Sep 04 09:53:46 SGT 2018]; root of context hierarchy
2018-09-04 09:53:47.898  INFO 2332 --- [main] trationDelegate$BeanPostProcessorChecker : Bean 'org.springframework.transaction.annotation.ProxyTransactionManagementConfiguration' of type [org.springframework.transaction.annotation.ProxyTransactionManagementConfiguration$$EnhancerBySpringCGLIB$$eb837591] is not eligible for getting processed by all BeanPostProcessors (for example: not eligible for auto-proxying)
2018-09-04 09:53:48.162  INFO 2332 --- [main] o.s.b.w.embedded.tomcat.TomcatWebServer  : Tomcat initialized with port(s): 8080 (http)
2018-09-04 09:53:48.178  INFO 2332 --- [main] o.apache.catalina.core.StandardService   : Starting service [Tomcat]
2018-09-04 09:53:48.178  INFO 2332 --- [main] org.apache.catalina.core.StandardEngine  : Starting Servlet Engine: Apache Tomcat/8.5.32
2018-09-04 09:53:48.178  INFO 2332 --- [localhost-startStop-1] o.a.catalina.core.AprLifecycleListener   : The APR based Apache Tomcat Native library which allows optimal performance in production environments was not found on the java.library.path: [C:\Program Files\Java\jdk1.8.0_181\bin;C:\WINDOWS\Sun\Java\bin;C:\WINDOWS\system32;C:\WINDOWS;C:\Program Files (x86)\Common Files\Oracle\Java\javapath;C:\ProgramData\Oracle\Java\javapath;C:\Program Files (x86)\Intel\Intel(R) Management Engine Components\iCLS\;C:\Program Files\Intel\Intel(R) Management Engine Components\iCLS\;C:\WINDOWS\system32;C:\WINDOWS;C:\WINDOWS\System32\Wbem;C:\WINDOWS\System32\WindowsPowerShell\v1.0\;C:\Program Files (x86)\Intel\Intel(R) Management Engine Components\DAL;C:\Program Files\Intel\Intel(R) Management Engine Components\DAL;C:\Program Files (x86)\Intel\Intel(R) Management Engine Components\IPT;C:\Program Files\Intel\Intel(R) Management Engine Components\IPT;C:\Program Files\Microsoft VS Code\bin;C:\Program Files\Git\cmd;C:\WINDOWS\System32\OpenSSH\;C:\Program Files\Java\jdk1.8.0_181\bin;C:\Program Files\Java\jdk1.8.0_181\jre\bin;  ;C:\Users\Chao\AppData\Local\Microsoft\WindowsApps;C:\Program Files\Microsoft VS Code\bin;C:\Program Files\apache-maven-3.5.4\bin;.]
2018-09-04 09:53:48.240  INFO 2332 --- [localhost-startStop-1] o.a.c.c.C.[Tomcat].[localhost].[/]       : Initializing Spring embedded WebApplicationContext
2018-09-04 09:53:48.240  INFO 2332 --- [localhost-startStop-1] o.s.web.context.ContextLoader            : Root WebApplicationContext: initialization completed in 1380 ms
2018-09-04 09:53:48.287  INFO 2332 --- [localhost-startStop-1] o.s.b.w.servlet.ServletRegistrationBean  : Servlet dispatcherServlet mapped to [/]
2018-09-04 09:53:48.287  INFO 2332 --- [localhost-startStop-1] o.s.b.w.servlet.FilterRegistrationBean   : Mapping filter: 'characterEncodingFilter' to: [/*]
2018-09-04 09:53:48.287  INFO 2332 --- [localhost-startStop-1] o.s.b.w.servlet.FilterRegistrationBean   : Mapping filter: 'hiddenHttpMethodFilter' to: [/*]
2018-09-04 09:53:48.287  INFO 2332 --- [localhost-startStop-1] o.s.b.w.servlet.FilterRegistrationBean   : Mapping filter: 'httpPutFormContentFilter' to: [/*]
2018-09-04 09:53:48.287  INFO 2332 --- [localhost-startStop-1] o.s.b.w.servlet.FilterRegistrationBean   : Mapping filter: 'requestContextFilter' to: [/*]
2018-09-04 09:53:48.349  WARN 2332 --- [main] org.flywaydb.core.Flyway                 : Flyway.setCallbacks(FlywayCallback) has been deprecated and will be removed in Flyway 6.0. Use Flyway.setCallbacks(Callback) instead.
2018-09-04 09:53:48.349  INFO 2332 --- [main] o.f.core.internal.util.VersionPrinter    : Flyway Community Edition 5.1.4 by Boxfuse
2018-09-04 09:53:48.365  INFO 2332 --- [main] com.zaxxer.hikari.HikariDataSource       : HikariPool-1 - Starting...
2018-09-04 09:53:48.459  INFO 2332 --- [main] com.zaxxer.hikari.HikariDataSource       : HikariPool-1 - Start completed.
2018-09-04 09:53:48.459  INFO 2332 --- [main] o.f.c.internal.database.DatabaseFactory  : Database: jdbc:postgresql://172.26.131.120:5432/stm (PostgreSQL 9.5)
2018-09-04 09:53:48.506  INFO 2332 --- [main] o.f.core.internal.command.DbValidate     : Successfully validated 8 migrations (execution time 00:00.016s)
2018-09-04 09:53:48.537  INFO 2332 --- [main] o.f.core.internal.command.DbMigrate      : Current version of schema "xu_xi_rd4": 8
2018-09-04 09:53:48.537  INFO 2332 --- [main] o.f.core.internal.command.DbMigrate      : Schema "xu_xi_rd4" is up to date. No migration necessary.
2018-09-04 09:53:48.787  INFO 2332 --- [main] j.LocalContainerEntityManagerFactoryBean : Building JPA container EntityManagerFactory for persistence unit 'default'
2018-09-04 09:53:48.865  INFO 2332 --- [main] o.hibernate.jpa.internal.util.LogHelper  : HHH000204: Processing PersistenceUnitInfo [
	name: default
	...]
2018-09-04 09:53:49.026  INFO 2332 --- [main] org.hibernate.Version                    : HHH000412: Hibernate Core {5.2.17.Final}
2018-09-04 09:53:49.026  INFO 2332 --- [main] org.hibernate.cfg.Environment            : HHH000206: hibernate.properties not found
2018-09-04 09:53:49.104  INFO 2332 --- [main] o.hibernate.annotations.common.Version   : HCANN000001: Hibernate Commons Annotations {5.0.1.Final}
2018-09-04 09:53:49.198  INFO 2332 --- [main] org.hibernate.dialect.Dialect            : HHH000400: Using dialect: org.hibernate.dialect.PostgreSQL95Dialect
2018-09-04 09:53:49.214  INFO 2332 --- [main] o.h.e.j.e.i.LobCreatorBuilderImpl        : HHH000422: Disabling contextual LOB creation as connection was null
2018-09-04 09:53:49.214  INFO 2332 --- [main] org.hibernate.type.BasicTypeRegistry     : HHH000270: Type registration [java.util.UUID] overrides previous : org.hibernate.type.UUIDBinaryType@e4b6f47
2018-09-04 09:53:49.588  INFO 2332 --- [main] j.LocalContainerEntityManagerFactoryBean : Initialized JPA EntityManagerFactory for persistence unit 'default'
2018-09-04 09:53:49.979  INFO 2332 --- [main] o.s.w.s.handler.SimpleUrlHandlerMapping  : Mapped URL path [/**/favicon.ico] onto handler of type [class org.springframework.web.servlet.resource.ResourceHttpRequestHandler]
2018-09-04 09:53:50.169  INFO 2332 --- [main] s.w.s.m.m.a.RequestMappingHandlerAdapter : Looking for @ControllerAdvice: org.springframework.boot.web.servlet.context.AnnotationConfigServletWebServerApplicationContext@6f96c77: startup date [Tue Sep 04 09:53:46 SGT 2018]; root of context hierarchy
2018-09-04 09:53:50.201  WARN 2332 --- [main] aWebConfiguration$JpaWebMvcConfiguration : spring.jpa.open-in-view is enabled by default. Therefore, database queries may be performed during view rendering. Explicitly configure spring.jpa.open-in-view to disable this warning
2018-09-04 09:53:50.232  INFO 2332 --- [main] s.w.s.m.m.a.RequestMappingHandlerMapping : Mapped "{[/application/{id}/step],methods=[PUT]}" onto void jp.co.worksap.stm2018.jobhere.controller.ApplicationController.update(javax.servlet.http.HttpServletRequest,java.lang.String,java.lang.String)
2018-09-04 09:53:50.232  INFO 2332 --- [main] s.w.s.m.m.a.RequestMappingHandlerMapping : Mapped "{[/application/{id}],methods=[GET]}" onto jp.co.worksap.stm2018.jobhere.model.dto.request.ApplicationDTO jp.co.worksap.stm2018.jobhere.controller.ApplicationController.find(javax.servlet.http.HttpServletRequest,java.lang.String)
2018-09-04 09:53:50.232  INFO 2332 --- [main] s.w.s.m.m.a.RequestMappingHandlerMapping : Mapped "{[/application],methods=[GET]}" onto java.util.List<jp.co.worksap.stm2018.jobhere.model.dto.request.ApplicationDTO> jp.co.worksap.stm2018.jobhere.controller.ApplicationController.list(javax.servlet.http.HttpServletRequest)
2018-09-04 09:53:50.232  INFO 2332 --- [main] s.w.s.m.m.a.RequestMappingHandlerMapping : Mapped "{[/application],methods=[POST]}" onto jp.co.worksap.stm2018.jobhere.model.dto.request.ApplicationDTO jp.co.worksap.stm2018.jobhere.controller.ApplicationController.save(javax.servlet.http.HttpServletRequest,java.lang.String)
2018-09-04 09:53:50.232  INFO 2332 --- [main] s.w.s.m.m.a.RequestMappingHandlerMapping : Mapped "{[/auth/register],methods=[POST]}" onto jp.co.worksap.stm2018.jobhere.model.dto.response.ApiTokenDTO jp.co.worksap.stm2018.jobhere.controller.AuthController.register(jp.co.worksap.stm2018.jobhere.model.dto.request.RegisterDTO)
2018-09-04 09:53:50.232  INFO 2332 --- [main] s.w.s.m.m.a.RequestMappingHandlerMapping : Mapped "{[/auth],methods=[POST]}" onto jp.co.worksap.stm2018.jobhere.model.dto.response.ApiTokenDTO jp.co.worksap.stm2018.jobhere.controller.AuthController.login(javax.servlet.http.HttpServletRequest,jp.co.worksap.stm2018.jobhere.model.dto.request.LoginDTO)
2018-09-04 09:53:50.232  INFO 2332 --- [main] s.w.s.m.m.a.RequestMappingHandlerMapping : Mapped "{[/auth],methods=[GET]}" onto jp.co.worksap.stm2018.jobhere.model.dto.response.UserDTO jp.co.worksap.stm2018.jobhere.controller.AuthController.showStatus(javax.servlet.http.HttpServletRequest) throws java.lang.Exception
2018-09-04 09:53:50.232  INFO 2332 --- [main] s.w.s.m.m.a.RequestMappingHandlerMapping : Mapped "{[/job/{id}],methods=[PUT]}" onto jp.co.worksap.stm2018.jobhere.model.dto.request.JobDTO jp.co.worksap.stm2018.jobhere.controller.JobController.update(javax.servlet.http.HttpServletRequest,java.lang.String,jp.co.worksap.stm2018.jobhere.model.dto.request.JobDTO)
2018-09-04 09:53:50.232  INFO 2332 --- [main] s.w.s.m.m.a.RequestMappingHandlerMapping : Mapped "{[/job],methods=[GET]}" onto java.util.List<jp.co.worksap.stm2018.jobhere.model.dto.request.JobDTO> jp.co.worksap.stm2018.jobhere.controller.JobController.list(javax.servlet.http.HttpServletRequest)
2018-09-04 09:53:50.232  INFO 2332 --- [main] s.w.s.m.m.a.RequestMappingHandlerMapping : Mapped "{[/job],methods=[POST]}" onto jp.co.worksap.stm2018.jobhere.model.dto.request.JobDTO jp.co.worksap.stm2018.jobhere.controller.JobController.save(javax.servlet.http.HttpServletRequest,jp.co.worksap.stm2018.jobhere.model.dto.request.JobDTO)
2018-09-04 09:53:50.247  INFO 2332 --- [main] s.w.s.m.m.a.RequestMappingHandlerMapping : Mapped "{[/job/{id}],methods=[GET]}" onto jp.co.worksap.stm2018.jobhere.model.dto.request.JobDTO jp.co.worksap.stm2018.jobhere.controller.JobController.detail(java.lang.String)
2018-09-04 09:53:50.247  INFO 2332 --- [main] s.w.s.m.m.a.RequestMappingHandlerMapping : Mapped "{[/resume/{id}],methods=[PUT]}" onto void jp.co.worksap.stm2018.jobhere.controller.ResumeController.update(java.lang.String,jp.co.worksap.stm2018.jobhere.model.dto.request.ResumeDTO)
2018-09-04 09:53:50.247  INFO 2332 --- [main] s.w.s.m.m.a.RequestMappingHandlerMapping : Mapped "{[/resume/{id}],methods=[GET]}" onto jp.co.worksap.stm2018.jobhere.model.dto.request.ResumeDTO jp.co.worksap.stm2018.jobhere.controller.ResumeController.find(java.lang.String)
2018-09-04 09:53:50.247  INFO 2332 --- [main] s.w.s.m.m.a.RequestMappingHandlerMapping : Mapped "{[/review],methods=[GET]}" onto java.util.List<jp.co.worksap.stm2018.jobhere.model.dto.response.UserDTO> jp.co.worksap.stm2018.jobhere.controller.ReviewController.list(javax.servlet.http.HttpServletRequest) throws javax.security.auth.login.LoginException
2018-09-04 09:53:50.247  INFO 2332 --- [main] s.w.s.m.m.a.RequestMappingHandlerMapping : Mapped "{[/review/{id}],methods=[POST]}" onto void jp.co.worksap.stm2018.jobhere.controller.ReviewController.inspect(javax.servlet.http.HttpServletRequest,java.lang.String,java.lang.String) throws javax.security.auth.login.LoginException
2018-09-04 09:53:50.247  INFO 2332 --- [main] s.w.s.m.m.a.RequestMappingHandlerMapping : Mapped "{[/error]}" onto public org.springframework.http.ResponseEntity<java.util.Map<java.lang.String, java.lang.Object>> org.springframework.boot.autoconfigure.web.servlet.error.BasicErrorController.error(javax.servlet.http.HttpServletRequest)
2018-09-04 09:53:50.247  INFO 2332 --- [main] s.w.s.m.m.a.RequestMappingHandlerMapping : Mapped "{[/error],produces=[text/html]}" onto public org.springframework.web.servlet.ModelAndView org.springframework.boot.autoconfigure.web.servlet.error.BasicErrorController.errorHtml(javax.servlet.http.HttpServletRequest,javax.servlet.http.HttpServletResponse)
2018-09-04 09:53:50.263  INFO 2332 --- [main] o.s.w.s.handler.SimpleUrlHandlerMapping  : Mapped URL path [/webjars/**] onto handler of type [class org.springframework.web.servlet.resource.ResourceHttpRequestHandler]
2018-09-04 09:53:50.263  INFO 2332 --- [main] o.s.w.s.handler.SimpleUrlHandlerMapping  : Mapped URL path [/**] onto handler of type [class org.springframework.web.servlet.resource.ResourceHttpRequestHandler]
2018-09-04 09:53:50.412  INFO 2332 --- [main] o.s.j.e.a.AnnotationMBeanExporter        : Registering beans for JMX exposure on startup
2018-09-04 09:53:50.428  INFO 2332 --- [main] o.s.j.e.a.AnnotationMBeanExporter        : Bean with name 'dataSource' has been autodetected for JMX exposure
2018-09-04 09:53:50.443  INFO 2332 --- [main] o.s.j.e.a.AnnotationMBeanExporter        : Located MBean 'dataSource': registering with JMX server as MBean [com.zaxxer.hikari:name=dataSource,type=HikariDataSource]
2018-09-04 09:53:50.475  INFO 2332 --- [main] o.s.b.w.embedded.tomcat.TomcatWebServer  : Tomcat started on port(s): 8080 (http) with context path ''
2018-09-04 09:53:50.475  INFO 2332 --- [main] j.c.w.s.jobhere.JobhereApplication       : Started JobhereApplication in 3.959 seconds (JVM running for 4.772)
2018-09-04 09:53:53.430  INFO 2332 --- [http-nio-8080-exec-1] o.a.c.c.C.[Tomcat].[localhost].[/]       : Initializing Spring FrameworkServlet 'dispatcherServlet'
2018-09-04 09:53:53.430  INFO 2332 --- [http-nio-8080-exec-1] o.s.web.servlet.DispatcherServlet        : FrameworkServlet 'dispatcherServlet': initialization started
2018-09-04 09:53:53.445  INFO 2332 --- [http-nio-8080-exec-1] o.s.web.servlet.DispatcherServlet        : FrameworkServlet 'dispatcherServlet': initialization completed in 15 ms
2018-09-04 09:53:54.735  INFO 2332 --- [http-nio-8080-exec-2] o.h.h.i.QueryTranslatorFactoryInitiator  : HHH000397: Using ASTQueryTranslatorFactory
2018-09-04 10:03:10.079  INFO 2332 --- [http-nio-8080-exec-4] o.apache.coyote.http11.Http11Processor   : Error parsing HTTP request header
 Note: further occurrences of HTTP header parsing errors will be logged at DEBUG level.

java.lang.IllegalArgumentException: Invalid character found in the request target. The valid characters are defined in RFC 7230 and RFC 3986
	at org.apache.coyote.http11.Http11InputBuffer.parseRequestLine(Http11InputBuffer.java:479) ~[tomcat-embed-core-8.5.32.jar:8.5.32]
	at org.apache.coyote.http11.Http11Processor.service(Http11Processor.java:684) ~[tomcat-embed-core-8.5.32.jar:8.5.32]
	at org.apache.coyote.AbstractProcessorLight.process(AbstractProcessorLight.java:66) [tomcat-embed-core-8.5.32.jar:8.5.32]
	at org.apache.coyote.AbstractProtocol$ConnectionHandler.process(AbstractProtocol.java:800) [tomcat-embed-core-8.5.32.jar:8.5.32]
	at org.apache.tomcat.util.net.NioEndpoint$SocketProcessor.doRun(NioEndpoint.java:1471) [tomcat-embed-core-8.5.32.jar:8.5.32]
	at org.apache.tomcat.util.net.SocketProcessorBase.run(SocketProcessorBase.java:49) [tomcat-embed-core-8.5.32.jar:8.5.32]
	at java.util.concurrent.ThreadPoolExecutor.runWorker(ThreadPoolExecutor.java:1149) [na:1.8.0_181]
	at java.util.concurrent.ThreadPoolExecutor$Worker.run(ThreadPoolExecutor.java:624) [na:1.8.0_181]
	at org.apache.tomcat.util.threads.TaskThread$WrappingRunnable.run(TaskThread.java:61) [tomcat-embed-core-8.5.32.jar:8.5.32]
	at java.lang.Thread.run(Thread.java:748) [na:1.8.0_181]

2018-09-04 10:04:26.025  INFO 2332 --- [http-nio-8080-exec-6] o.apache.coyote.http11.Http11Processor   : Error parsing HTTP request header
 Note: further occurrences of HTTP header parsing errors will be logged at DEBUG level.

java.lang.IllegalArgumentException: Invalid character found in the request target. The valid characters are defined in RFC 7230 and RFC 3986
	at org.apache.coyote.http11.Http11InputBuffer.parseRequestLine(Http11InputBuffer.java:479) ~[tomcat-embed-core-8.5.32.jar:8.5.32]
	at org.apache.coyote.http11.Http11Processor.service(Http11Processor.java:684) ~[tomcat-embed-core-8.5.32.jar:8.5.32]
	at org.apache.coyote.AbstractProcessorLight.process(AbstractProcessorLight.java:66) [tomcat-embed-core-8.5.32.jar:8.5.32]
	at org.apache.coyote.AbstractProtocol$ConnectionHandler.process(AbstractProtocol.java:800) [tomcat-embed-core-8.5.32.jar:8.5.32]
	at org.apache.tomcat.util.net.NioEndpoint$SocketProcessor.doRun(NioEndpoint.java:1471) [tomcat-embed-core-8.5.32.jar:8.5.32]
	at org.apache.tomcat.util.net.SocketProcessorBase.run(SocketProcessorBase.java:49) [tomcat-embed-core-8.5.32.jar:8.5.32]
	at java.util.concurrent.ThreadPoolExecutor.runWorker(ThreadPoolExecutor.java:1149) [na:1.8.0_181]
	at java.util.concurrent.ThreadPoolExecutor$Worker.run(ThreadPoolExecutor.java:624) [na:1.8.0_181]
	at org.apache.tomcat.util.threads.TaskThread$WrappingRunnable.run(TaskThread.java:61) [tomcat-embed-core-8.5.32.jar:8.5.32]
	at java.lang.Thread.run(Thread.java:748) [na:1.8.0_181]

